TN:
SF:src/events.ts
FN:21,(anonymous_0)
FN:24,(anonymous_1)
FN:34,(anonymous_2)
FN:41,(anonymous_3)
FN:42,(anonymous_4)
FNF:5
FNH:2
FNDA:18,(anonymous_0)
FNDA:0,(anonymous_1)
FNDA:0,(anonymous_2)
FNDA:2,(anonymous_3)
FNDA:0,(anonymous_4)
DA:21,7
DA:22,18
DA:28,0
DA:29,0
DA:31,0
DA:38,0
DA:42,2
DA:43,0
DA:44,0
DA:46,0
LF:10
LH:3
BRDA:28,0,0,0
BRDA:31,1,0,0
BRDA:31,1,1,0
BRDA:31,2,0,0
BRDA:31,2,1,0
BRDA:38,3,0,0
BRDA:38,3,1,0
BRDA:38,4,0,0
BRDA:38,4,1,0
BRDA:42,5,0,2
BRDA:42,5,1,0
BRDA:42,6,0,2
BRDA:42,6,1,2
BRF:13
BRH:3
end_of_record
TN:
SF:src/codeCompletion/cache.ts
FN:4,(anonymous_6)
FN:7,(anonymous_7)
FN:65,(anonymous_8)
FN:69,(anonymous_9)
FN:73,(anonymous_10)
FN:77,(anonymous_11)
FN:88,(anonymous_12)
FN:89,(anonymous_13)
FN:90,(anonymous_14)
FNF:9
FNH:9
FNDA:9,(anonymous_6)
FNDA:4,(anonymous_7)
FNDA:9,(anonymous_8)
FNDA:1,(anonymous_9)
FNDA:5,(anonymous_10)
FNDA:1,(anonymous_11)
FNDA:2,(anonymous_12)
FNDA:2,(anonymous_13)
FNDA:2,(anonymous_14)
DA:1,3
DA:4,3
DA:5,9
DA:11,4
DA:13,4
DA:14,4
DA:15,4
DA:16,1
DA:19,3
DA:23,0
DA:26,3
DA:30,3
DA:31,3
DA:32,3
DA:34,3
DA:35,0
DA:38,3
DA:42,3
DA:48,3
DA:50,3
DA:51,2
DA:62,4
DA:66,9
DA:70,1
DA:74,5
DA:78,1
DA:79,1
DA:80,1
DA:81,1
DA:82,1
DA:89,2
DA:90,2
DA:92,2
DA:93,1
LF:34
LH:32
BRDA:15,0,0,1
BRDA:19,1,0,0
BRDA:20,2,0,3
BRDA:20,2,1,3
BRDA:34,3,0,0
BRDA:50,4,0,2
BRDA:80,5,0,1
BRDA:92,6,0,1
BRF:8
BRH:6
end_of_record
TN:
SF:src/codeCompletion/config.ts
FN:16,createServiceConfig
FNF:1
FNH:1
FNDA:9,createServiceConfig
DA:5,3
DA:16,3
DA:21,9
LF:3
LH:3
BRDA:26,0,0,9
BRDA:26,0,1,5
BRDA:26,1,0,2
BRDA:26,1,1,7
BRDA:26,2,0,9
BRDA:26,2,1,9
BRDA:30,3,0,9
BRDA:30,3,1,6
BRDA:30,4,0,2
BRDA:30,4,1,7
BRDA:30,5,0,9
BRDA:30,5,1,9
BRF:12
BRH:12
end_of_record
TN:
SF:src/codeCompletion/prompt.ts
FN:17,getPromptFileContent
FNF:1
FNH:1
FNDA:11,getPromptFileContent
DA:2,4
DA:10,4
DA:15,4
DA:17,4
DA:23,11
DA:28,11
DA:29,11
DA:31,11
DA:32,3
DA:35,8
DA:36,8
DA:37,8
DA:41,8
DA:44,8
DA:46,8
DA:47,8
DA:48,6
DA:57,8
DA:58,6
DA:59,6
DA:60,0
DA:63,6
DA:73,8
LF:23
LH:22
BRDA:31,0,0,3
BRDA:47,1,0,6
BRDA:50,2,0,2
BRDA:50,2,1,4
BRDA:57,3,0,6
BRDA:59,4,0,0
BRDA:73,5,0,8
BRDA:73,5,1,0
BRF:8
BRH:6
end_of_record
TN:
SF:src/codeCompletion/suggestionProvider.ts
FN:15,(anonymous_6)
FN:19,(anonymous_7)
FN:30,(anonymous_8)
FN:39,(anonymous_9)
FN:59,(anonymous_10)
FNF:5
FNH:5
FNDA:14,(anonymous_6)
FNDA:16,(anonymous_7)
FNDA:14,(anonymous_8)
FNDA:14,(anonymous_9)
FNDA:6,(anonymous_10)
DA:1,4
DA:3,4
DA:5,4
DA:6,14
DA:7,14
DA:9,14
DA:16,14
DA:24,16
DA:25,2
DA:29,16
DA:30,14
DA:31,14
DA:36,16
DA:39,16
DA:40,14
DA:41,14
DA:42,14
DA:44,14
DA:49,14
DA:50,2
DA:51,2
DA:54,12
DA:55,10
DA:57,10
DA:59,10
DA:60,6
DA:61,6
DA:63,6
DA:88,10
DA:90,2
DA:94,2
DA:96,14
DA:97,14
DA:98,14
DA:102,16
LF:35
LH:35
BRDA:24,0,0,2
BRDA:29,1,0,14
BRDA:49,2,0,2
BRDA:50,3,0,0
BRDA:50,3,1,2
BRDA:50,4,0,2
BRDA:50,4,1,2
BRDA:55,5,0,10
BRDA:55,5,1,2
BRDA:55,6,0,2
BRDA:55,6,1,8
BRDA:55,7,0,10
BRDA:55,7,1,8
BRDA:59,8,0,10
BRDA:59,8,1,2
BRDA:59,9,0,2
BRDA:59,9,1,8
BRDA:59,10,0,10
BRDA:59,10,1,8
BRDA:88,11,0,0
BRDA:88,11,1,10
BRDA:88,12,0,10
BRDA:88,12,1,10
BRDA:92,13,0,2
BRDA:92,13,1,0
BRDA:94,14,0,0
BRDA:94,14,1,2
BRDA:94,15,0,2
BRDA:94,15,1,2
BRF:29
BRH:25
end_of_record
